============================================================
State Auto-IRA 401(k) — Building BOTH Versions
============================================================

======================================== 2017 ========================================
  Loading Form5500_2017... 273,015 rows
  => 35,264 records (pre-date filter)
  Loading Form5500SF_2017... 603,221 rows
  => 167,303 records (pre-date filter)

======================================== 2018 ========================================
  Loading Form5500_2018... 265,926 rows
  => 35,188 records (pre-date filter)
  Loading Form5500SF_2018... 620,450 rows
  => 174,301 records (pre-date filter)

======================================== 2019 ========================================
  Loading Form5500_2019... 269,960 rows
  => 35,883 records (pre-date filter)
  Loading Form5500SF_2019... 655,075 rows
  => 185,586 records (pre-date filter)

======================================== 2020 ========================================
  Loading Form5500_2020... 273,328 rows
  => 36,517 records (pre-date filter)
  Loading Form5500SF_2020... 662,626 rows
  => 187,142 records (pre-date filter)

======================================== 2021 ========================================
  Loading Form5500_2021... 269,049 rows
  => 36,821 records (pre-date filter)
  Loading Form5500SF_2021... 691,408 rows
  => 198,229 records (pre-date filter)

======================================== 2022 ========================================
  Loading Form5500_2022... 266,911 rows
  => 36,842 records (pre-date filter)
  Loading Form5500SF_2022... 736,511 rows
  => 222,510 records (pre-date filter)

======================================== 2023 ========================================
  Loading Form5500_2023... 252,675 rows
  => 31,779 records (pre-date filter)
  Loading Form5500SF_2023... 788,980 rows
  => 244,029 records (pre-date filter)

======================================== 2024 ========================================
  Loading Form5500_2024... 221,602 rows
  => 29,167 records (pre-date filter)
  Loading Form5500SF_2024... 792,989 rows
  => 255,711 records (pre-date filter)

======================================== 2025 ========================================
  Loading Form5500_2025... 5,294 rows
  => 521 records (pre-date filter)
  Loading Form5500SF_2025... 32,761 rows
  => 8,834 records (pre-date filter)

Total base records (all states, pre-date-filter): 1,921,627

Loading employer contribution data...

============================================================
  BUILDING: v1-inclusive
============================================================
  Records after mandate date filter: 322,851
  Unique firms (by EIN): 116,096
  Contribution match: 4,255 / 116,096 (3.7%)
  Dataset: C:\Users\JanyjorRuei\Documents\GITHUB\state-auto-ira-v2\data\refresh_2026_04\v1-inclusive\state_auto_ira_401k_dataset.csv (116,096 rows, 13.1 MB)

  --- v1-inclusive State Summary ---
  CA | CalSavers                 |  81,715 firms
  CO | SecureSavings             |   2,817 firms
  CT | MyCTSavings               |   2,418 firms
  DE | EARNS                     |     219 firms
  IL | Secure Choice             |  14,839 firms
  MD | MarylandSaves             |   3,574 firms
  ME | Maine Retirement Savings  |     149 firms
  NJ | RetireReady NJ            |     858 firms
  OR | OregonSaves               |   7,329 firms
  VA | RetirePath                |   2,178 firms

============================================================
  BUILDING: v2-conservative
============================================================
  Records after mandate date filter: 278,583
  Unique firms (by EIN): 106,977
  Contribution match: 3,654 / 106,977 (3.4%)
  Dataset: C:\Users\JanyjorRuei\Documents\GITHUB\state-auto-ira-v2\data\refresh_2026_04\v2-conservative\state_auto_ira_401k_dataset.csv (106,977 rows, 12.1 MB)

  --- v2-conservative State Summary ---
  CA | CalSavers                 |  73,159 firms
  CO | SecureSavings             |   2,818 firms
  CT | MyCTSavings               |   2,419 firms
  DE | EARNS                     |     136 firms
  IL | Secure Choice             |  14,565 firms
  MD | MarylandSaves             |   3,575 firms
  ME | Maine Retirement Savings  |     149 firms
  NJ | RetireReady NJ            |     641 firms
  OR | OregonSaves               |   7,337 firms
  VA | RetirePath                |   2,178 firms

============================================================
ALL DONE!
============================================================

Next steps:
  git add -A
  git commit -m "Add v1 and v2 datasets with documentation"
  git push origin master --force
