============================================================
Building state-year panel of new 401(k) formations
============================================================

--- 2017 ---
  Loading F5500_2017... 273,015 rows
  Loading F5500SF_2017... 603,221 rows

--- 2018 ---
  Loading F5500_2018... 265,926 rows
  Loading F5500SF_2018... 620,450 rows

--- 2019 ---
  Loading F5500_2019... 269,960 rows
  Loading F5500SF_2019... 655,075 rows

--- 2020 ---
  Loading F5500_2020... 273,328 rows
  Loading F5500SF_2020... 662,626 rows

--- 2021 ---
  Loading F5500_2021... 269,049 rows
  Loading F5500SF_2021... 691,408 rows

--- 2022 ---
  Loading F5500_2022... 266,911 rows
  Loading F5500SF_2022... 736,511 rows

--- 2023 ---
  Loading F5500_2023... 252,675 rows
  Loading F5500SF_2023... 788,980 rows

--- 2024 ---
  Loading F5500_2024... 210,906 rows
  Loading F5500SF_2024... 782,817 rows

Combined records (all single-employer + multi, all pension types): 7,500,295
Single-employer only: 7,401,346
Unique EINs (first effective date): 1,183,244
Effective year 2017-2024: 505,311

Wrote C:\Users\JanyjorRuei\Documents\GITHUB\state-auto-ira-v2\analysis\state_year_new_401k.csv: 408 state-year rows

Mandate-state totals (2017-2024 effective dates, single-employer 401(k)):
  OR: 7,547
  IL: 16,392
  CA: 91,696
  CT: 5,984
  MD: 9,789
  CO: 13,311
  VA: 11,012
  ME: 1,995
  DE: 2,646
  NJ: 15,020
  All other states: 265,621
