did 2.3.0, HonestDiD 0.2.8
Warning messages:
1: In pre_process_did(yname = yname, tname = tname, idname = idname,  :
  Dropped 1 units that were already treated in the first period.
2: In pre_process_did(yname = yname, tname = tname, idname = idname,  :
  Be aware that there are some small groups in your dataset.
  Check groups: 2018,2019,2022,2023,2024.
3: In att_gt(yname = "rate_per_1000_estabs", tname = "year", idname = "state_id",  :
  Not returning pre-test Wald statistic due to singular covariance matrix
Using IF-correlation rescaled to match bootstrap SEs.
  bootstrap se.egt:  0.321 0.179 0.403 0.203 0.598 0.289 0.909 1.215 0.515 4.169 0.918 0.256 0.194
  analytical sqrt(V): 0.267 0.164 0.304 0.185 0.476 0.288 0.825 0.946 0.454 3.95 0.838 0.238 0.186

Event-time vector (after dropping reference -1):
 [1] -6 -5 -4 -3 -2  0  1  2  3  4  5  6
betahat length: 12
sigma dim: 12 x 12
numPrePeriods = 5 (event times -6 through -2)
numPostPeriods = 7 (event times 0 through 6)

M = 0.00:
# A tibble: 1 × 5
      lb    ub method Delta       M
   <dbl> <dbl> <chr>  <chr>   <dbl>
1 -0.479  9.08 C-LF   DeltaSD     0

M = 0.50:
# A tibble: 1 × 5
     lb    ub method Delta       M
  <dbl> <dbl> <chr>  <chr>   <dbl>
1 -6.03  14.6 C-LF   DeltaSD   0.5

M = 1.00:
# A tibble: 1 × 5
     lb    ub method Delta       M
  <dbl> <dbl> <chr>  <chr>   <dbl>
1 -11.8  20.4 C-LF   DeltaSD     1

M = 2.00:
# A tibble: 1 × 5
     lb    ub method Delta       M
  <dbl> <dbl> <chr>  <chr>   <dbl>
1 -23.7  32.3 C-LF   DeltaSD     2

Original CS confidence interval (no honest restriction):
# A tibble: 1 × 4
  lb[,1] ub[,1] method   Delta
   <dbl>  <dbl> <chr>    <lgl>
1   1.15   4.18 Original NA   

Mbar (rel. magnitudes) = 0.50:
# A tibble: 1 × 5
      lb    ub method Delta    Mbar
   <dbl> <dbl> <chr>  <chr>   <dbl>
1 -0.696  5.86 C-LF   DeltaRM   0.5

Mbar (rel. magnitudes) = 1.00:
# A tibble: 1 × 5
     lb    ub method Delta    Mbar
  <dbl> <dbl> <chr>  <chr>   <dbl>
1 -3.32  8.49 C-LF   DeltaRM     1

Mbar (rel. magnitudes) = 2.00:
# A tibble: 1 × 5
     lb    ub method Delta    Mbar
  <dbl> <dbl> <chr>  <chr>   <dbl>
1 -8.89  14.0 C-LF   DeltaRM     2

--- Sensitivity bounds table ---
                    restriction   parameter          lb        ub   method
1    Original (CS unrestricted)               1.1492853  4.176574 Original
2          Smoothness (DeltaSD)    M = 0.00  -0.4792940  9.075664     C-LF
3          Smoothness (DeltaSD)    M = 0.50  -6.0322562 14.619098     C-LF
4          Smoothness (DeltaSD)    M = 1.00 -11.8409103 20.412521     C-LF
5          Smoothness (DeltaSD)    M = 2.00 -23.7305582 32.338315     C-LF
6 Relative magnitudes (DeltaRM) Mbar = 0.50  -0.6957494  5.859756     C-LF
7 Relative magnitudes (DeltaRM) Mbar = 1.00  -3.3241360  8.488143     C-LF
8 Relative magnitudes (DeltaRM) Mbar = 2.00  -8.8901312 14.023216     C-LF
      width
1  3.027289
2  9.554958
3 20.651354
4 32.253431
5 56.068873
6  6.555505
7 11.812279
8 22.913347

Wrote:
  analysis/did_honest_bounds_v2_conservative.csv
  analysis/did_honest_bounds_v2_conservative.png
