[1/50] LABOR SOLUTIONS, LLC -> 'LABOR SOLUTIONS'
  -> [ambiguous] CIK None GREENWAY MEDICAL TECHNOLOGIES INC  (CIK 0001080747) None None
[2/50] MING ENTERTAINMENT GROUP LLC -> 'MING ENTERTAINMENT GROUP'
  -> [ambiguous] CIK 1956166 MING SHING GROUP HOLDINGS LTD 20-F 2025-08-15
  formula: (no formula extracted)
[3/50] UNITED CALL CENTER SOLUTIONS, LLC -> 'UNITED CALL CENTER SOLUTIONS'
[4/50] RB GLOBAL HOLDINGS, INC. -> 'RB GLOBAL HOLDINGS INC'
[5/50] SKILLSET GROUP, INC. -> 'SKILLSET GROUP INC'
[6/50] ECLIPSE SENIOR LIVING, INC. -> 'ECLIPSE SENIOR LIVING INC'
[7/50] TRUSTED HEALTH, INC. -> 'TRUSTED HEALTH INC'
[8/50] IAA HOLDINGS LLC. -> 'IAA HOLDINGS LLC'
[9/50] DREYER'S GRAND ICE CREAM, INC. -> 'DREYER'S GRAND ICE CREAM INC'
[10/50] VXI GLOBAL SOLUTIONS LLC -> 'VXI GLOBAL SOLUTIONS'
  -> [ambiguous] CIK None DIRECTV FINANCING CO INC  (CIK 0001234307) None None
[11/50] U & F SONS INC. DBA SAHARA ASIAN ELDERLY CARE -> 'U & F SONS INC DBA SAHARA ASIAN ELDERLY CARE'
[12/50] FERNANDEZ HOLDINGS, INC. -> 'FERNANDEZ HOLDINGS INC'
[13/50] NORTEK, INC. -> 'NORTEK INC'
  -> [ambiguous] CIK None PLY GEM HOLDINGS INC  (CIK 0001284807) None None
[14/50] INCLUDED HEALTH, INC. -> 'INCLUDED HEALTH INC'
[15/50] SIERRA SPACE CORPORATION -> 'SIERRA SPACE'
  -> [ambiguous] CIK 1130144 SIERRA BANCORP 10-K 2026-02-27
  formula: safe harbor; 100% match up to 2% of comp
[16/50] WM. BOLTHOUSE FARMS, INC. -> 'WM BOLTHOUSE FARMS INC'
[17/50] RWB INTERMEDIATE I HOLDINGS, LLC -> 'RWB INTERMEDIATE I HOLDINGS'
[18/50] ADEPT HR MANAGEMENT, INC -> 'ADEPT HR MANAGEMENT'
[19/50] DEEL, INC. -> 'DEEL INC'
[20/50] TROPICANA PRODUCTS, INC. -> 'TROPICANA PRODUCTS INC'
  -> [ambiguous] CIK None Boulder Specialty Brands, Inc.  (CIK 0001331301) None None
[21/50] NIGHTWING GROUP, LLC -> 'NIGHTWING GROUP'
[22/50] PHARMACANN INC -> 'PHARMACANN'
  -> [ambiguous] CIK None INNOVATIVE INDUSTRIAL PROPERTIES INC  (IIPR, IIPR-PA)  (CIK 0001677576) None None
[23/50] WINLAND FOODS, INC. -> 'WINLAND FOODS INC'
[24/50] NATIONAL RESILIENCE, INC. -> 'NATIONAL RESILIENCE INC'
  -> [ambiguous] CIK None Surface Oncology, Inc.  (CIK 0001718108) None None
[25/50] J-M MANUFACTURING COMPANY, INC. -> 'J-M MANUFACTURING COMPANY INC'
  -> [ambiguous] CIK None PW EAGLE INC  (CIK 0000852426) None None
[26/50] CARE FOR SOUL INC -> 'CARE FOR SOUL'
[27/50] CSC GENERATION HOLDINGS, INC. -> 'CSC GENERATION HOLDINGS INC'
[28/50] UPSTART NETWORK, INC. -> 'UPSTART NETWORK INC'
  -> [ambiguous] CIK 1647639 UPSTART HOLDINGS, INC. 10-K 2026-02-10
  formula: (no formula extracted)
[29/50] CAM-BAS, INC. -> 'CAM-BAS INC'
[30/50] HOME COUNTY PIZZA, INC. -> 'HOME COUNTY PIZZA INC'
[31/50] HGC HOLDINGS, LLC -> 'HGC HOLDINGS'
  -> [ambiguous] CIK None Macquarie Infrastructure CO LLC  (CIK 0001289790) None None
[32/50] HHM MANAGEMENT INC -> 'HHM MANAGEMENT'
[33/50] SK HYNIX NAND PRODUCT SOLUTIONS CORP. -> 'SK HYNIX NAND PRODUCT SOLUTIONS CORP'
[34/50] SUMMIT STAFFING, INC. -> 'SUMMIT STAFFING INC'
  -> [ambiguous] CIK 1619096 SUMMIT NETWORKS INC. 10-K 2026-04-24
  formula: (no formula extracted)
[35/50] BOKA RESTAURANT GROUP -> 'BOKA RESTAURANT'
[36/50] ZEMPLEO, INC. -> 'ZEMPLEO INC'
[37/50] DELUXE MEDIA INC. -> 'DELUXE MEDIA INC'
  -> [ambiguous] CIK 27996 DELUXE CORP 10-K 2026-02-13
  formula: (no formula extracted)
[38/50] S & S LABOR FORCE INC -> 'S & S LABOR FORCE'
[39/50] SANDSTONE HEALTHCARE GROUP -> 'SANDSTONE HEALTHCARE'
[40/50] LOS ANGELES APPAREL, INC. -> 'LOS ANGELES APPAREL INC'
[41/50] SCOOT EDUCATION INC -> 'SCOOT EDUCATION'
[42/50] FOLLETT SCHOOL SOLUTIONS HOLDINGS, LLC -> 'FOLLETT SCHOOL SOLUTIONS HOLDINGS'
[43/50] COGIR MANAGEMENT USA, INC. -> 'COGIR MANAGEMENT USA INC'
[44/50] COMMUNITY HEALTH CENTERS OF THE OF THE CENTRAL COAST, INC. -> 'COMMUNITY HEALTH CENTERS OF THE OF THE CENTRAL COAST INC'
  -> [ambiguous] CIK 350852 COMMUNITY TRUST BANCORP INC /KY/ 10-K 2026-02-27
  formula: (no formula extracted)
[45/50] PREMIER PACKING OF CALIFORNIA, INC. -> 'PREMIER PACKING OF CALIFORNIA INC'
  -> [ambiguous] CIK 1609253 CALIFORNIA RESOURCES CORP 10-K 2026-03-02
  formula: (no formula extracted)
[46/50] EI MILAGRO INC. -> 'EI MILAGRO INC'
[47/50] 360 PATRIOT ENTERPRISES, LLC -> '360 PATRIOT ENTERPRISES'
[48/50] SEISMIC SOFTWARE, INC -> 'SEISMIC SOFTWARE'
  -> [ambiguous] CIK None ION GEOPHYSICAL CORP  (CIK 0000866609) None None
[49/50] CULTIVATE BEHAVIORAL MANAGEMENT CORP. -> 'CULTIVATE BEHAVIORAL MANAGEMENT CORP'
[50/50] UPGRADE INC. -> 'UPGRADE INC'
  -> [ambiguous] CIK None Ribbit LEAP, Ltd.  (CIK 0001818346) None None