  GET https://api.census.gov/data/2017/cbp?get=ESTAB,EMP&for=state:*&NAICS2017=00
  GET https://api.census.gov/data/2018/cbp?get=ESTAB,EMP&for=state:*&NAICS2017=00
  GET https://api.census.gov/data/2019/cbp?get=ESTAB,EMP&for=state:*&NAICS2017=00
  GET https://api.census.gov/data/2020/cbp?get=ESTAB,EMP&for=state:*&NAICS2017=00
  GET https://api.census.gov/data/2021/cbp?get=ESTAB,EMP&for=state:*&NAICS2017=00
  GET https://api.census.gov/data/2022/cbp?get=ESTAB,EMP&for=state:*&NAICS2022=00
  [ERR] 2022: HTTP 400 error: unknown predicate variable: 'NAICS2022'
  GET https://api.census.gov/data/2023/cbp?get=ESTAB,EMP&for=state:*&NAICS2022=00
  [ERR] 2023: HTTP 400 error: unknown predicate variable: 'NAICS2022'
  GET https://api.census.gov/data/2024/cbp?get=ESTAB,EMP&for=state:*&NAICS2022=00
  [ERR] 2024: HTTP 404 <!doctype html><html lang="en"><head><title>HTTP Status 404 ? Not Found</title><style type="text/css">body {font-family:Tahoma,Arial,sans-serif;} h1, h2, h3, b {color:white;background-color:#525D76;} 

CBP years actually returned: [np.int64(2017), np.int64(2018), np.int64(2019), np.int64(2020), np.int64(2021)]

Wrote C:\Users\JanyjorRuei\Documents\GITHUB\state-auto-ira-v2\analysis\cbp_state_year.csv: 408 state-year rows
Sample:
  state  year  establishments  employment
0    AK  2017         21279.0    262075.0
1    AK  2018         21293.0    261053.0
2    AK  2019         21399.0    264971.0
3    AK  2020         21184.0    266063.0
4    AK  2021         21641.0    251093.0
5    AK  2022         21641.0    251093.0
6    AK  2023         21641.0    251093.0
7    AK  2024         21641.0    251093.0
8    AL  2017        100419.0   1690061.0
9    AL  2018        100267.0   1730817.0
